<?xml version="1.0" encoding="utf-8"?><testsuites name="pytest tests"><testsuite name="pytest" errors="0" failures="0" skipped="3" tests="267" time="13.073" timestamp="2025-08-16T14:07:26.042733-04:00" hostname="home"><testcase classname="test.test_commands.test_scenario10" name="test_yaml_must_preserve_references_and_multiscripts" file="test\test_commands\test_scenario10.py" line="8" time="0.059" /><testcase classname="test.test_commands.test_compile_all_various" name="test_extract_script_path[scripts/run.sh-scripts/run.sh]" file="test\test_commands\test_compile_all_various.py" line="33" time="0.006" /><testcase classname="test.test_commands.test_compile_all_various" name="test_parse_env_file[KEY='Another value'-expected3]" file="test\test_commands\test_compile_all_various.py" line="12" time="0.003" /><testcase classname="test.test_commands.test_compile_all_various" name="test_parse_env_file[# This is a comment\nKEY=VALUE-expected5]" file="test\test_commands\test_compile_all_various.py" line="12" time="0.002" /><testcase classname="test.test_commands.test_compile_all_various" name="test_parse_env_file[  KEY=VALUE  -expected4]" file="test\test_commands\test_compile_all_various.py" line="12" time="0.002" /><testcase classname="test.test_commands.test_compile_all_various" name="test_parse_env_file[_KEY=valid-expected7]" file="test\test_commands\test_compile_all_various.py" line="12" time="0.002" /><testcase classname="test.test_commands.test_compile_all_various" name="test_process_script_list_already_literal" file="test\test_commands\test_compile_all_various.py" line="65" time="0.020" /><testcase classname="test.test_commands.test_compile_all_various" name="test_extract_script_path[do_something &amp;&amp; ./my.sh-None]" file="test\test_commands\test_compile_all_various.py" line="33" time="0.002" /><testcase classname="test.test_commands.test_scenario12" name="test_yaml_it_src_to_out_12_powershell" file="test\test_commands\test_scenario12.py" line="8" time="0.024" /><testcase classname="test.test_commands.test_compile_all_various" name="test_extract_script_path[malformed ' command-None]" file="test\test_commands\test_compile_all_various.py" line="33" time="0.002" /><testcase classname="test.test_commands.test_compile_all_various" name="test_parse_env_file[-expected10]" file="test\test_commands\test_compile_all_various.py" line="12" time="0.001" /><testcase classname="test.test_commands.test_compile_all_various" name="test_extract_script_path[  source   scripts/run.sh  -scripts/run.sh]" file="test\test_commands\test_compile_all_various.py" line="33" time="0.002" /><testcase classname="test.test_commands.test_compile_all_various" name="test_extract_script_path[bash ./scripts/run.sh-scripts/run.sh]" file="test\test_commands\test_compile_all_various.py" line="33" time="0.002" /><testcase classname="test.test_commands.test_compile_all_various" name="test_extract_script_path[sh scripts/run.sh-scripts/run.sh]" file="test\test_commands\test_compile_all_various.py" line="33" time="0.002" /><testcase classname="test.test_integration.TestProcessUncompiledDirectory" name="test_full_processing" file="test\test_integration.py" line="86" time="0.052" /><testcase classname="test.test_commands.test_compile_all_various" name="test_extract_script_path[./scripts/run.sh --arg1-None]" file="test\test_commands\test_compile_all_various.py" line="33" time="0.001" /><testcase classname="test.test_commands.test_compile_all_various" name="test_read_bash_script_not_found" file="test\test_commands\test_compile_all_various.py" line="52" time="0.002" /><testcase classname="test.test_commands.test_compile_all_various" name="test_parse_env_file[KEY=&quot;A value with spaces&quot;-expected2]" file="test\test_commands\test_compile_all_various.py" line="12" time="0.002" /><testcase classname="test.test_commands.test_compile_all_various" name="test_parse_env_file[export KEY_1=one\nKEY_2=two-expected9]" file="test\test_commands\test_compile_all_various.py" line="12" time="0.001" /><testcase classname="test.test_utils.test_patlib_shims_2" name="test_is_relative_to_false" file="test\test_utils\test_patlib_shims_2.py" line="31" time="0.005" /><testcase classname="test.test_utils.test_patlib_shims_2" name="test_path_walk_follow_symlinks" file="test\test_utils\test_patlib_shims_2.py" line="214" time="0.005"><skipped type="pytest.skip" message="Symlink not available/permitted">C:\github\bash2gitlab\test\test_utils\test_patlib_shims_2.py:224: Symlink not available/permitted</skipped></testcase><testcase classname="test.test_utils.test_patlib_shims_2" name="test_with_stem_preserves_suffixes[noext-changed-changed]" file="test\test_utils\test_patlib_shims_2.py" line="53" time="0.002" /><testcase classname="test.test_utils.test_patlib_shims_2" name="test_readlink_roundtrip" file="test\test_utils\test_patlib_shims_2.py" line="95" time="0.003"><skipped type="pytest.skip" message="Symlink not permitted in this environment">C:\github\bash2gitlab\test\test_utils\test_patlib_shims_2.py:99: Symlink not permitted in this environment</skipped></testcase><testcase classname="test.test_commands.test_clean" name="test_list_stray_files_reports_both_kinds" file="test\test_commands\test_clean.py" line="78" time="0.008" /><testcase classname="test.test_utils.test_patlib_shims_2" name="test_is_relative_to_true" file="test\test_utils\test_patlib_shims_2.py" line="24" time="0.004" /><testcase classname="test.test_utils.test_patlib_shims_2" name="test_with_stem_preserves_suffixes[file.txt-new-new.txt]" file="test\test_utils\test_patlib_shims_2.py" line="53" time="0.002" /><testcase classname="test.test_commands.test_clean" name="test_clean_targets_dry_run_does_not_delete" file="test\test_commands\test_clean.py" line="116" time="0.005" /><testcase classname="test.test_utils.test_patlib_shims_2" name="test_with_stem_preserves_suffixes[archive.tar.gz-pkg-pkg.tar.gz]" file="test\test_utils\test_patlib_shims_2.py" line="53" time="0.001" /><testcase classname="test.test_utils.test_patlib_shims_2" name="test_glob_cs_basic_matching" file="test\test_utils\test_patlib_shims_2.py" line="248" time="0.005" /><testcase classname="test.test_commands.test_clean" name="test_is_target_unchanged_states" file="test\test_commands\test_clean.py" line="103" time="0.014" /><testcase classname="test.test_utils.test_patlib_shims_2" name="test_hardlink_to_creates_link" file="test\test_utils\test_patlib_shims_2.py" line="137" time="0.005" /><testcase classname="test.test_utils.test_patlib_shims_2" name="test_path_walk_yields_paths" file="test\test_utils\test_patlib_shims_2.py" line="191" time="0.006" /><testcase classname="test.test_commands.test_clean" name="test_report_targets_returns_same_strays_as_list_stray_files" file="test\test_commands\test_clean.py" line="123" time="0.008" /><testcase classname="test.test_utils.test_patlib_shims_2" name="test_is_relative_to_resolves_dotdot" file="test\test_utils\test_patlib_shims_2.py" line="39" time="0.003" /><testcase classname="test.test_commands.test_clean" name="test_partner_hash_and_base_inverse" file="test\test_commands\test_clean.py" line="46" time="0.003" /><testcase classname="test.test_utils.test_patlib_shims_2" name="test_relative_to_walk_up_unixlike[path2-other2-expected2]" file="test\test_utils\test_patlib_shims_2.py" line="167" time="0.004" /><testcase classname="test.test_commands.test_clean" name="test__read_hash_text_valid_and_invalid" file="test\test_commands\test_clean.py" line="91" time="0.008" /><testcase classname="test.test_utils.test_patlib_shims_2" name="test_with_stem_preserves_suffixes[.hidden-shown-shown]" file="test\test_utils\test_patlib_shims_2.py" line="53" time="0.002" /><testcase classname="test.test_utils.test_patlib_shims_2" name="test_relative_to_walk_up_unixlike[path1-other1-expected1]" file="test\test_utils\test_patlib_shims_2.py" line="167" time="0.004" /><testcase classname="test.test_commands.test_clean" name="test_iter_target_pairs_yields_only_existing_pairs_once" file="test\test_commands\test_clean.py" line="59" time="0.009" /><testcase classname="test.test_commands.test_doctor" name="test_check_prints_and_returns" file="test\test_commands\test_doctor.py" line="76" time="0.002" /><testcase classname="test.test_utils.test_patlib_shims_2" name="test_relative_to_walk_up_unixlike[path0-other0-expected0]" file="test\test_utils\test_patlib_shims_2.py" line="167" time="0.005" /><testcase classname="test.test_commands.test_doctor" name="test_run_doctor_all_good" file="test\test_commands\test_doctor.py" line="123" time="0.022" /><testcase classname="test.test_utils.test_patlib_shims_2" name="test_glob_cs_ignores_case_flag" file="test\test_utils\test_patlib_shims_2.py" line="237" time="0.007" /><testcase classname="test.test_commands.test_graph_all_2" name="test_no_yaml_returns_empty" file="test\test_commands\test_graph_all_2.py" line="101" time="0.007" /><testcase classname="test.test_commands.test_doctor" name="test_get_command_version_error" file="test\test_commands\test_doctor.py" line="91" time="0.002" /><testcase classname="test.test_commands.test_graph_all_2" name="test_generate_dependency_graph_basic_edges_and_nodes" file="test\test_commands\test_graph_all_2.py" line="27" time="0.026" /><testcase classname="test.test_commands.test_doctor" name="test_run_doctor_reports_strays" file="test\test_commands\test_doctor.py" line="148" time="0.021" /><testcase classname="test.test_commands.test_doctor" name="test_get_command_version_not_found" file="test\test_commands\test_doctor.py" line="85" time="0.001" /><testcase classname="test.test_commands.test_graph_all_2" name="test_missing_dependency_warns_but_edge_exists" file="test\test_commands\test_graph_all_2.py" line="145" time="0.022" /><testcase classname="test.test_commands.test_doctor" name="test_run_doctor_missing_config" file="test\test_commands\test_doctor.py" line="179" time="0.006" /><testcase classname="test.test_commands.test_doctor" name="test_find_unreferenced_source_files_detects_orphans" file="test\test_commands\test_doctor.py" line="106" time="0.010" /><testcase classname="test.test_commands.test_graph_all_2" name="test_format_dot_output_clusters_and_labels" file="test\test_commands\test_graph_all_2.py" line="186" time="0.004" /><testcase classname="test.test_commands.test_precommit_two" name="test_uninstall_conflict_requires_force" file="test\test_commands\test_precommit_two.py" line="153" time="0.011" /><testcase classname="test.test_commands.test_graph_all_2" name="test_extract_script_path_rules_skip_unsafe_commands" file="test\test_commands\test_graph_all_2.py" line="220" time="0.012" /><testcase classname="test.test_commands.test_precommit_two" name="test_install_requires_git_repo" file="test\test_commands\test_precommit_two.py" line="88" time="0.004" /><testcase classname="test.test_commands.test_graph_all_2" name="test_invalid_yaml_logs_and_skips_file" file="test\test_commands\test_graph_all_2.py" line="112" time="0.018" /><testcase classname="test.test_commands.test_precommit_two" name="test_install_conflict_requires_force" file="test\test_commands\test_precommit_two.py" line="130" time="0.016" /><testcase classname="test.test_commands.test_precommit_two" name="test_install_with_dummy_config_object" file="test\test_commands\test_precommit_two.py" line="121" time="0.010" /><testcase classname="test.test_commands.test_map_deploy" name="test_modified_destination_force" file="test\test_commands\test_map_deploy.py" line="124" time="0.041" /><testcase classname="test.test_commands.test_precommit_two" name="test_install_with_env_vars_only" file="test\test_commands\test_precommit_two.py" line="104" time="0.012" /><testcase classname="test.test_commands.test_precommit_two" name="test_hook_hash_changes_on_content_change" file="test\test_commands\test_precommit_two.py" line="181" time="0.002" /><testcase classname="test.test_commands.test_precommit_two" name="test_install_requires_config_when_missing" file="test\test_commands\test_precommit_two.py" line="96" time="0.005" /><testcase classname="test.test_commands.test_precommit_two" name="test_respects_core_hooksPath_relative" file="test\test_commands\test_precommit_two.py" line="168" time="0.008" /><testcase classname="test.test_commands.test_map_deploy" name="test_unchanged_redeployment" file="test\test_commands\test_map_deploy.py" line="88" time="0.029" /><testcase classname="test.test_commands.test_precommit_two" name="test_uninstall_when_missing_logs_warning" file="test\test_commands\test_precommit_two.py" line="145" time="0.012" /><testcase classname="test.test_commands.test_map_deploy" name="test_initial_deployment" file="test\test_commands\test_map_deploy.py" line="56" time="0.025" /><testcase classname="test.test_commands.test_compile_all_various" name="test_parse_env_file[INVALID-KEY=value-expected6]" file="test\test_commands\test_compile_all_various.py" line="12" time="0.005" /><testcase classname="test.test_commands.test_compile_all_various" name="test_parse_env_file[export KEY=VALUE-expected1]" file="test\test_commands\test_compile_all_various.py" line="12" time="0.004" /><testcase classname="test.test_commands.test_compile_all_various" name="test_parse_env_file[KEY=VALUE-expected0]" file="test\test_commands\test_compile_all_various.py" line="12" time="0.003" /><testcase classname="test.test_commands.test_map_deploy" name="test_skips_unsupported_extensions" file="test\test_commands\test_map_deploy.py" line="76" time="0.027" /><testcase classname="test.test_commands.test_compile_all_various" name="test_extract_script_path[python run_script.py-None]" file="test\test_commands\test_compile_all_various.py" line="33" time="0.003" /><testcase classname="test.test_commands.test_compile_all_various" name="test_extract_script_path[echo 'not a script'-None]" file="test\test_commands\test_compile_all_various.py" line="33" time="0.004" /><testcase classname="test.test_commands.test_map_deploy" name="test_dry_run" file="test\test_commands\test_map_deploy.py" line="143" time="0.019" /><testcase classname="test.test_commands.test_compile_all_various" name="test_process_script_list_no_scripts" file="test\test_commands\test_compile_all_various.py" line="58" time="0.004" /><testcase classname="test.test_commands.test_map_deploy" name="test_modified_destination_skip" file="test\test_commands\test_map_deploy.py" line="105" time="0.031" /><testcase classname="test.test_commands.test_map_deploy" name="test_get_deployment_map" file="test\test_commands\test_map_deploy.py" line="45" time="0.013" /><testcase classname="test.test_commands.test_compile_all_various" name="test_parse_env_file[KEY=value # inline comment-expected8]" file="test\test_commands\test_compile_all_various.py" line="12" time="0.003" /><testcase classname="test.test_cli2" name="test_map_and_commit_errors[commit-map-exc1-11]" file="test\test_cli2.py" line="250" time="0.007" /><testcase classname="test.test_commands.test_scenario5" name="test_yaml_it_src_to_out_5" file="test\test_commands\test_scenario5.py" line="8" time="0.038" /><testcase classname="test.test_cli2" name="test_map_and_commit_errors[commit-map-exc0-10]" file="test\test_cli2.py" line="250" time="0.007" /><testcase classname="test.test_cli2" name="test_map_and_commit_ok[map-deploy-run_map_deploy]" file="test\test_cli2.py" line="237" time="0.006" /><testcase classname="test.test_cli2" name="test_copy2local_ssh_and_https" file="test\test_cli2.py" line="180" time="0.013" /><testcase classname="test.test_cli2" name="test_compile_watch_calls_start_watch" file="test\test_cli2.py" line="138" time="0.010" /><testcase classname="test.test_commands.test_scenario9" name="test_yaml_it_src_to_out_hidden_jobs_9" file="test\test_commands\test_scenario9.py" line="8" time="0.032" /><testcase classname="test.test_cli2" name="test_map_and_commit_errors[map-deploy-exc1-11]" file="test\test_cli2.py" line="250" time="0.007" /><testcase classname="test.test_cli2" name="test_map_and_commit_ok[commit-map-run_commit_map]" file="test\test_cli2.py" line="237" time="0.007" /><testcase classname="test.test_cli2" name="test_version_flag_exits_zero" file="test\test_cli2.py" line="133" time="0.006" /><testcase classname="test.test_cli2" name="test_map_and_commit_errors[map-deploy-exc0-10]" file="test\test_cli2.py" line="250" time="0.017" /><testcase classname="test.test_commands.test_detect_drift" name="test_check_for_drift_no_drift" file="test\test_commands\test_detect_drift.py" line="113" time="0.015" /><testcase classname="test.test_cli2" name="test_detect_drift_variants" file="test\test_cli2.py" line="164" time="0.024" /><testcase classname="test.test_commands.test_detect_drift" name="test_decode_hash_content" file="test\test_commands\test_detect_drift.py" line="45" time="0.013" /><testcase classname="test.test_commands.test_detect_drift" name="test_generate_pretty_diff_with_color" file="test\test_commands\test_detect_drift.py" line="68" time="0.003" /><testcase classname="test.test_commands.test_detect_drift" name="test_get_source_file_from_hash" file="test\test_commands\test_detect_drift.py" line="38" time="0.003" /><testcase classname="test.test_cli2" name="test_init_uses_default_directory" file="test\test_cli2.py" line="222" time="0.026" /><testcase classname="test.test_commands.test_detect_drift" name="test_check_for_drift_detected" file="test\test_commands\test_detect_drift.py" line="130" time="0.013" /><testcase classname="test.test_commands.test_detect_drift" name="test_check_for_drift_with_templates_dir" file="test\test_commands\test_detect_drift.py" line="194" time="0.030" /><testcase classname="test.test_commands.test_bash_reader" name="test_inline_bash_source_file_not_found" file="test\test_commands\test_bash_reader.py" line="75" time="0.019" /><testcase classname="test.test_commands.test_bash_reader" name="test_inline_bash_source_success_and_circular_dependency" file="test\test_commands\test_bash_reader.py" line="8" time="0.031" /><testcase classname="test.test_commands.test_detect_drift" name="test_find_hash_files" file="test\test_commands\test_detect_drift.py" line="85" time="0.019" /><testcase classname="test.test_utils.test_logging" name="test_generate_config" file="test\test_utils\test_logging.py" line="3" time="0.004" /><testcase classname="test.test_commands.test_detect_drift" name="test_check_for_drift_missing_source_file" file="test\test_commands\test_detect_drift.py" line="150" time="0.013" /><testcase classname="test.test_utils.test_pathlib_shims" name="test_same_path" file="test\test_utils\test_pathlib_shims.py" line="95" time="0.012" /><testcase classname="test.test_commands.test_detect_drift" name="test_check_for_drift_no_hash_files_found" file="test\test_commands\test_detect_drift.py" line="180" time="0.012" /><testcase classname="test.test_commands.test_scenario13" name="test_yaml_it_src_to_out_13_complex_data_structure" file="test\test_commands\test_scenario13.py" line="8" time="0.276" /><testcase classname="test.test_commands.test_detect_drift" name="test_check_for_drift_corrupted_hash_file" file="test\test_commands\test_detect_drift.py" line="164" time="0.025" /><testcase classname="test.test_commands.test_scenario11" name="test_yaml_must_preserve_references_and_multiscripts" file="test\test_commands\test_scenario11.py" line="8" time="0.084" /><testcase classname="test.test_utils.test_make_mock_ci_vars" name="test_generate_mock_ci_variables_script" file="test\test_utils\test_make_mock_ci_vars.py" line="3" time="0.011" /><testcase classname="test.test_utils.test_parse_bash" name="test_extract_script" file="test\test_utils\test_parse_bash.py" line="3" time="0.002" /><testcase classname="test.test_utils.test_pathlib_shims" name="test_grandchild" file="test\test_utils\test_pathlib_shims.py" line="88" time="0.009" /><testcase classname="test.test_utils.test_pathlib_shims" name="test_unrelated_paths" file="test\test_utils\test_pathlib_shims.py" line="101" time="0.010" /><testcase classname="test.test_utils.test_pathlib_shims" name="test_case_sensitivity_unix" file="test\test_utils\test_pathlib_shims.py" line="147" time="0.001"><skipped type="pytest.skip" message="Unix-specific case-sensitivity test">C:\github\bash2gitlab\test\test_utils\test_pathlib_shims.py:148: Unix-specific case-sensitivity test</skipped></testcase><testcase classname="test.test_utils.test_pathlib_shims" name="test_basic_child" file="test\test_utils\test_pathlib_shims.py" line="81" time="0.009" /><testcase classname="test.test_utils.test_pathlib_shims" name="test_path_with_double_dots" file="test\test_utils\test_pathlib_shims.py" line="125" time="0.009" /><testcase classname="test.test_utils.test_pathlib_shims" name="test_parent_is_not_relative_to_child" file="test\test_utils\test_pathlib_shims.py" line="108" time="0.009" /><testcase classname="test.test_utils.test_pathlib_shims" name="test_case_insensitivity_windows" file="test\test_utils\test_pathlib_shims.py" line="139" time="0.010" /><testcase classname="test.test_utils.test_pathlib_shims" name="test_path_with_dots" file="test\test_utils\test_pathlib_shims.py" line="118" time="0.009" /><testcase classname="test.test_config" name="test_env_var_overrides_file_config" file="test\test_config.py" line="75" time="0.027" /><testcase classname="test.test_config" name="test_config_file_finding_logic" file="test\test_config.py" line="143" time="0.020" /><testcase classname="test.test_commands.test_scenario6" name="test_yaml_it_src_to_out_6" file="test\test_commands\test_scenario6.py" line="8" time="0.104" /><testcase classname="test.test_config" name="test_no_config_file_found" file="test\test_config.py" line="132" time="0.012" /><testcase classname="test.test_commands.test_commit_map_command" name="test_commit_map_copies_changes" file="test\test_commands\test_commit_map_command.py" line="38" time="0.031" /><testcase classname="test.test_commands.test_commit_map_command" name="test_commit_map_dry_run_no_changes" file="test\test_commands\test_commit_map_command.py" line="48" time="0.014" /><testcase classname="test.test_commands.test_commit_map_command" name="test_commit_map_force_overwrites_local_changes" file="test\test_commands\test_commit_map_command.py" line="74" time="0.026" /><testcase classname="test.test_commands.test_commit_map_command" name="test_commit_map_ignores_unsupported_files" file="test\test_commands\test_commit_map_command.py" line="86" time="0.010" /><testcase classname="test.test_config" name="test_boolean_env_var_parsing[random_string-False]" file="test\test_config.py" line="105" time="0.027" /><testcase classname="test.test_commands.test_commit_map_command" name="test_commit_map_skips_local_changes_without_force" file="test\test_commands\test_commit_map_command.py" line="59" time="0.021" /><testcase classname="test.test_config" name="test_boolean_env_var_parsing[false-False]" file="test\test_config.py" line="105" time="0.024" /><testcase classname="test.test_commands.test_scenario15" name="test_yaml_it_src_to_out_15_python" file="test\test_commands\test_scenario15.py" line="8" time="0.030" /><testcase classname="test.test_config" name="test_boolean_env_var_parsing[1-True]" file="test\test_config.py" line="105" time="0.024" /><testcase classname="test.test_commands.test_graph_all" name="test_find_script_references_traces_yaml_to_script_then_sources" file="test\test_commands\test_graph_all.py" line="80" time="0.024" /><testcase classname="test.test_config" name="test_boolean_env_var_parsing[FALSE-False]" file="test\test_config.py" line="105" time="0.024" /><testcase classname="test.test_commands.test_graph_all" name="test_generate_dependency_graph_handles_yaml_error" file="test\test_commands\test_graph_all.py" line="114" time="0.013" /><testcase classname="test.test_config" name="test_only_env_vars_no_file" file="test\test_config.py" line="161" time="0.026" /><testcase classname="test.test_commands.test_graph_all" name="test_yaml_with_nested_collections_and_multiple_scripts" file="test\test_commands\test_graph_all.py" line="132" time="0.024" /><testcase classname="test.test_commands.test_graph_all" name="test_parse_script_dependencies_recurses_and_skips_outside_root" file="test\test_commands\test_graph_all.py" line="25" time="0.031" /><testcase classname="test.test_config" name="test_boolean_env_var_parsing[TRUE-True]" file="test\test_config.py" line="105" time="0.026" /><testcase classname="test.test_commands.test_graph_all" name="test_parse_script_dependencies_warns_on_missing_file" file="test\test_commands\test_graph_all.py" line="63" time="0.009" /><testcase classname="test.test_config" name="test_load_from_bash2gitlab_toml" file="test\test_config.py" line="33" time="0.023" /><testcase classname="test.test_commands.test_graph_all" name="test_generate_dependency_graph_no_yaml_returns_empty" file="test\test_commands\test_graph_all.py" line="108" time="0.008" /><testcase classname="test.test_commands.test_shred" name="test_create_script_filename[.hidden-job-script-.hidden-job.sh]" file="test\test_commands\test_shred.py" line="66" time="0.003" /><testcase classname="test.test_config" name="test_boolean_env_var_parsing[t-True]" file="test\test_config.py" line="105" time="0.027" /><testcase classname="test.test_commands.test_shred" name="test_create_script_filename[my-job-script-my-job.sh]" file="test\test_commands\test_shred.py" line="66" time="0.002" /><testcase classname="test.test_commands.test_shred" name="test_create_script_filename[my-job-before_script-my-job_before_script.sh]" file="test\test_commands\test_shred.py" line="66" time="0.002" /><testcase classname="test.test_commands.test_shred" name="test_create_script_filename[My-Job With.Special-Chars!-script-my-job-with.special-chars.sh]" file="test\test_commands\test_shred.py" line="66" time="0.003" /><testcase classname="test.test_commands.test_shred" name="test_create_script_filename[job_with_underscores-script-job_with_underscores.sh]" file="test\test_commands\test_shred.py" line="66" time="0.003" /><testcase classname="test.test_commands.test_shred" name="test_create_script_filename[my-job-after_script-my-job_after_script.sh]" file="test\test_commands\test_shred.py" line="66" time="0.002" /><testcase classname="test.test_config" name="test_boolean_env_var_parsing[f-False]" file="test\test_config.py" line="105" time="0.027" /><testcase classname="test.test_commands.test_shred" name="test_create_script_filename[my job-script-my-job.sh]" file="test\test_commands\test_shred.py" line="66" time="0.003" /><testcase classname="test.test_commands.test_shred.TestShredGitlabCI" name="test_shred_gitlab_ci_no_scripts_to_shred" file="test\test_commands\test_shred.py" line="170" time="0.016" /><testcase classname="test.test_commands.test_shred.TestShredGitlabCI" name="test_shred_gitlab_ci_dry_run" file="test\test_commands\test_shred.py" line="152" time="0.038" /><testcase classname="test.test_config" name="test_boolean_env_var_parsing[-False]" file="test\test_config.py" line="105" time="0.025" /><testcase classname="test.test_config" name="test_boolean_env_var_parsing[no-False]" file="test\test_config.py" line="105" time="0.030" /><testcase classname="test.test_commands.test_shred.TestShredGitlabCI" name="test_shred_file_not_found" file="test\test_commands\test_shred.py" line="192" time="0.008" /><testcase classname="test.test_commands.test_shred.TestShredGitlabCI" name="test_shred_gitlab_ci_happy_path" file="test\test_commands\test_shred.py" line="99" time="0.107" /><testcase classname="test.test_config" name="test_boolean_env_var_parsing[yes-True]" file="test\test_config.py" line="105" time="0.037" /><testcase classname="test.test_config" name="test_boolean_env_var_parsing[n-False]" file="test\test_config.py" line="105" time="0.028" /><testcase classname="test.test_config" name="test_boolean_env_var_parsing[0-False]" file="test\test_config.py" line="105" time="0.025" /><testcase classname="test.test_utils.test_smart_parser" name="test_error_message_includes_original_arg" file="test\test_utils\test_smart_parser.py" line="48" time="0.005" /><testcase classname="test.test_config" name="test_load_from_pyproject_toml" file="test\test_config.py" line="52" time="0.024" /><testcase classname="test.test_utils.test_smart_parser" name="test_valid_subcommand_parses" file="test\test_utils\test_smart_parser.py" line="18" time="0.005" /><testcase classname="test.test_utils.test_smart_parser" name="test_invalid_subcommand_suggests_close_match" file="test\test_utils\test_smart_parser.py" line="23" time="0.005" /><testcase classname="test.test_utils.test_smart_parser" name="test_invalid_subcommand_without_close_match" file="test\test_utils\test_smart_parser.py" line="37" time="0.004" /><testcase classname="test.test_config" name="test_boolean_env_var_parsing[true-True]" file="test\test_config.py" line="105" time="0.026" /><testcase classname="test.test_commands.test_init_project" name="test_prompt_for_config_defaults" file="test\test_commands\test_init_project.py" line="13" time="0.003" /><testcase classname="test.test_commands.test_init_project" name="test_create_config_file_standard_run" file="test\test_commands\test_init_project.py" line="56" time="0.007" /><testcase classname="test.test_commands.test_init_project" name="test_create_config_file_dry_run" file="test\test_commands\test_init_project.py" line="79" time="0.006" /><testcase classname="test.test_commands.test_bash_reader_regex" name="test_source_command_regex[source windows\\style\\path.sh-windows\\style\\path.sh]" file="test\test_commands\test_bash_reader_regex.py" line="32" time="0.002" /><testcase classname="test.test_config" name="test_boolean_env_var_parsing[y-True]" file="test\test_config.py" line="105" time="0.029" /><testcase classname="test.test_commands.test_bash_reader_regex" name="test_source_command_regex[source path_with_underscores_and.numbers123-path_with_underscores_and.numbers123]" file="test\test_commands\test_bash_reader_regex.py" line="32" time="0.003" /><testcase classname="test.test_commands.test_bash_reader_regex" name="test_source_command_regex[. -None]" file="test\test_commands\test_bash_reader_regex.py" line="32" time="0.002" /><testcase classname="test.test_commands.test_bash_reader_regex" name="test_source_command_regex[# source my_script.sh-None]" file="test\test_commands\test_bash_reader_regex.py" line="32" time="0.002" /><testcase classname="test.test_commands.test_bash_reader_regex" name="test_source_command_regex[source 'quoted/path.sh'-None]" file="test\test_commands\test_bash_reader_regex.py" line="32" time="0.002" /><testcase classname="test.test_commands.test_bash_reader_regex" name="test_source_command_regex[source-None]" file="test\test_commands\test_bash_reader_regex.py" line="32" time="0.002" /><testcase classname="test.test_commands.test_init_project" name="test_prompt_for_config_custom_values" file="test\test_commands\test_init_project.py" line="28" time="0.004" /><testcase classname="test.test_commands.test_bash_reader_regex" name="test_source_command_regex[export VAR=source-None]" file="test\test_commands\test_bash_reader_regex.py" line="32" time="0.002" /><testcase classname="test.test_commands.test_scenario3" name="test_yaml_it_src_to_out_3" file="test\test_commands\test_scenario3.py" line="8" time="0.131" /><testcase classname="test.test_commands.test_bash_reader_regex" name="test_source_command_regex[echo 'source my_script.sh'-None]" file="test\test_commands\test_bash_reader_regex.py" line="32" time="0.002" /><testcase classname="test.test_commands.test_bash_reader_regex" name="test_source_command_regex[. ./script_in_current_dir.sh-./script_in_current_dir.sh]" file="test\test_commands\test_bash_reader_regex.py" line="32" time="0.002" /><testcase classname="test.test_commands.test_bash_reader_regex" name="test_source_command_regex[. my_script.sh-my_script.sh]" file="test\test_commands\test_bash_reader_regex.py" line="32" time="0.002" /><testcase classname="test.test_commands.test_bash_reader_regex" name="test_source_command_regex[\tsource script-with-hyphens.sh-script-with-hyphens.sh]" file="test\test_commands\test_bash_reader_regex.py" line="32" time="0.002" /><testcase classname="test.test_commands.test_bash_reader_regex" name="test_source_command_regex[source my_script.sh   -my_script.sh]" file="test\test_commands\test_bash_reader_regex.py" line="32" time="0.003" /><testcase classname="test.test_commands.test_bash_reader_regex" name="test_source_command_regex[source &quot;double/quoted/path.sh&quot;-None]" file="test\test_commands\test_bash_reader_regex.py" line="32" time="0.002" /><testcase classname="test.test_utils.test_parse_bash2" name="test_extract_script_path_invalid[# ./build.sh]" file="test\test_utils\test_parse_bash2.py" line="50" time="0.003" /><testcase classname="test.test_utils.test_parse_bash2" name="test_extract_script_path_invalid[FOO=bar ./build.sh]" file="test\test_utils\test_parse_bash2.py" line="50" time="0.002" /><testcase classname="test.test_utils.test_parse_bash2" name="test_extract_script_path_valid[pwsh \\\\server\\share\\deploy.ps1-//server/share/deploy.ps1]" file="test\test_utils\test_parse_bash2.py" line="8" time="0.002" /><testcase classname="test.test_utils.test_parse_bash2" name="test_extract_script_path_valid[. scripts/deploy.ps1-scripts/deploy.ps1]" file="test\test_utils\test_parse_bash2.py" line="8" time="0.002" /><testcase classname="test.test_utils.test_parse_bash2" name="test_extract_script_path_valid[source utils/helpers.sh-utils/helpers.sh]" file="test\test_utils\test_parse_bash2.py" line="8" time="0.002" /><testcase classname="test.test_utils.test_parse_bash2" name="test_extract_script_path_valid[pwsh scripts/run.ps1-scripts/run.ps1]" file="test\test_utils\test_parse_bash2.py" line="8" time="0.002" /><testcase classname="test.test_utils.test_parse_bash2" name="test_extract_script_path_invalid[./build.sh arg1]" file="test\test_utils\test_parse_bash2.py" line="50" time="0.002" /><testcase classname="test.test_utils.test_parse_bash2" name="test_extract_script_path_valid[bash &quot;./my scripts/build.sh&quot;-my scripts/build.sh]" file="test\test_utils\test_parse_bash2.py" line="8" time="0.002" /><testcase classname="test.test_utils.test_parse_bash2" name="test_extract_script_path_valid[pwsh C:\\dir\\build.ps1-C:/dir/build.ps1]" file="test\test_utils\test_parse_bash2.py" line="8" time="0.002" /><testcase classname="test.test_utils.test_parse_bash2" name="test_extract_script_path_valid[.\\build.sh-build.sh]" file="test\test_utils\test_parse_bash2.py" line="8" time="0.002" /><testcase classname="test.test_utils.test_parse_bash2" name="test_extract_script_path_invalid[bash -e build.sh]" file="test\test_utils\test_parse_bash2.py" line="50" time="0.002" /><testcase classname="test.test_utils.test_parse_bash2" name="test_extract_script_path_valid[./FOO.SH-FOO.SH]" file="test\test_utils\test_parse_bash2.py" line="8" time="0.002" /><testcase classname="test.test_utils.test_parse_bash2" name="test_extract_script_path_valid[sh ./build.sh-build.sh]" file="test\test_utils\test_parse_bash2.py" line="8" time="0.002" /><testcase classname="test.test_utils.test_parse_bash2" name="test_extract_script_path_valid[bash build.sh  # run the build-build.sh]" file="test\test_utils\test_parse_bash2.py" line="8" time="0.002" /><testcase classname="test.test_utils.test_parse_bash2" name="test_extract_script_path_valid[bash .\\scripts\\deploy.sh-scripts/deploy.sh]" file="test\test_utils\test_parse_bash2.py" line="8" time="0.002" /><testcase classname="test.test_utils.test_parse_bash2" name="test_extract_script_path_invalid[./run.py]" file="test\test_utils\test_parse_bash2.py" line="50" time="0.002" /><testcase classname="test.test_utils.test_parse_bash2" name="test_extract_script_path_valid[./foo.bash-foo.bash]" file="test\test_utils\test_parse_bash2.py" line="8" time="0.002" /><testcase classname="test.test_commands.test_scenario7" name="test_yaml_it_src_to_out_7" file="test\test_commands\test_scenario7.py" line="8" time="1.238" /><testcase classname="test.test_utils.test_parse_bash2" name="test_extract_script_path_valid[./build.sh-build.sh]" file="test\test_utils\test_parse_bash2.py" line="8" time="0.005" /><testcase classname="test.test_utils.test_parse_bash2" name="test_extract_script_path_valid[   \t./build.sh   -build.sh]" file="test\test_utils\test_parse_bash2.py" line="8" time="0.003" /><testcase classname="test.test_utils.test_parse_bash2" name="test_extract_script_path_valid[bash build.sh-build.sh]" file="test\test_utils\test_parse_bash2.py" line="8" time="0.002" /><testcase classname="test.test_commands.test_show_config" name="test_get_value_and_source_from_file_pyproject" file="test\test_commands\test_show_config.py" line="62" time="0.013" /><testcase classname="test.test_commands.test_show_config" name="test_get_value_and_source_from_env" file="test\test_commands\test_show_config.py" line="35" time="0.013" /><testcase classname="test.test_commands.test_show_config" name="test_run_show_config_when_no_config_file" file="test\test_commands\test_show_config.py" line="154" time="0.205" /><testcase classname="test.test_commands.test_show_config" name="test_run_show_config_with_file_and_env" file="test\test_commands\test_show_config.py" line="106" time="0.017" /><testcase classname="test.test_commands.test_lint_all" name="test_lint_single_text_global_status_valid_shape" file="test\test_commands\test_lint_all.py" line="90" time="0.003" /><testcase classname="test.test_commands.test_lint_all" name="test_lint_output_folder_no_files_logs_and_returns_empty" file="test\test_commands\test_lint_all.py" line="218" time="0.008" /><testcase classname="test.test_commands.test_lint_all" name="test_discover_yaml_files_finds_both_suffixes" file="test\test_commands\test_lint_all.py" line="210" time="0.011" /><testcase classname="test.test_commands.test_lint_all" name="test_lint_output_folder_serial_calls_each" file="test\test_commands\test_lint_all.py" line="227" time="0.010" /><testcase classname="test.test_commands.test_lint_all" name="test_summarize_results_logging_and_counts" file="test\test_commands\test_lint_all.py" line="271" time="0.006" /><testcase classname="test.test_commands.test_lint_all" name="test_lint_single_text_collects_structured_messages" file="test\test_commands\test_lint_all.py" line="130" time="0.002" /><testcase classname="test.test_commands.test_lint_all" name="test_lint_single_file_reads_and_delegates" file="test\test_commands\test_lint_all.py" line="174" time="0.009" /><testcase classname="test.test_commands.test_lint_all" name="test_api_url_global_vs_project" file="test\test_commands\test_lint_all.py" line="14" time="0.004" /><testcase classname="test.test_commands.test_lint_all" name="test_lint_single_text_project_params_and_merged_yaml" file="test\test_commands\test_lint_all.py" line="146" time="0.003" /><testcase classname="test.test_commands.test_lint_all" name="test_lint_single_text_global_valid_bool_shape" file="test\test_commands\test_lint_all.py" line="112" time="0.004" /><testcase classname="test.test_commands.test_lint_all" name="test_post_json_invalid_json_raises" file="test\test_commands\test_lint_all.py" line="72" time="0.005" /><testcase classname="test.test_commands.test_lint_all" name="test_post_json_sends_headers_and_parses" file="test\test_commands\test_lint_all.py" line="41" time="0.003" /><testcase classname="test.test_utils.test_dotenv.TestHelperFunctions" name="test_extract_script_path[echo 'running ./run.sh'-None]" file="test\test_utils\test_dotenv.py" line="28" time="0.003" /><testcase classname="test.test_utils.test_dotenv.TestHelperFunctions" name="test_extract_script_path[npm install-None]" file="test\test_utils\test_dotenv.py" line="28" time="0.003" /><testcase classname="test.test_utils.test_dotenv.TestHelperFunctions" name="test_extract_script_path[./run.sh-run.sh]" file="test\test_utils\test_dotenv.py" line="28" time="0.002" /><testcase classname="test.test_utils.test_dotenv.TestHelperFunctions" name="test_parse_env_file" file="test\test_utils\test_dotenv.py" line="11" time="0.002" /><testcase classname="test.test_utils.test_dotenv.TestHelperFunctions" name="test_extract_script_path[sh scripts/setup.sh-scripts/setup.sh]" file="test\test_utils\test_dotenv.py" line="28" time="0.003" /><testcase classname="test.test_utils.test_dotenv.TestHelperFunctions" name="test_extract_script_path[bash ./scripts/deploy.sh-scripts/deploy.sh]" file="test\test_utils\test_dotenv.py" line="28" time="0.002" /><testcase classname="test.test_utils.test_dotenv.TestHelperFunctions" name="test_extract_script_path[bash -c 'some command'-None]" file="test\test_utils\test_dotenv.py" line="28" time="0.006" /><testcase classname="test.test_utils.test_dotenv.TestHelperFunctions" name="test_extract_script_path[source /path/to/my.sh-/path/to/my.sh]" file="test\test_utils\test_dotenv.py" line="28" time="0.003" /><testcase classname="test.test_utils.test_dotenv.TestHelperFunctions" name="test_extract_script_path[do_something &amp;&amp; ./run.sh-None]" file="test\test_utils\test_dotenv.py" line="28" time="0.003" /><testcase classname="test.test_utils.test_update_checker" name="test_finds_newer_version" file="test\test_utils\test_update_checker.py" line="6" time="0.127" /><testcase classname="test.test_utils.test_update_checker" name="test_color_output_disabled_in_ci" file="test\test_utils\test_update_checker.py" line="95" time="0.052" /><testcase classname="test.test_commands.test_scenario4" name="test_yaml_it_src_to_out_4" file="test\test_commands\test_scenario4.py" line="8" time="0.054" /><testcase classname="test.test_utils.test_update_checker" name="test_prerelease_check_finds_newer" file="test\test_utils\test_update_checker.py" line="74" time="0.201" /><testcase classname="test.test_commands.test_bash_reader_regex" name="test_source_command_regex[  source relative/path/to/script.sh-relative/path/to/script.sh]" file="test\test_commands\test_bash_reader_regex.py" line="32" time="0.002" /><testcase classname="test.test_commands.test_bash_reader_regex" name="test_source_command_regex[anothersource my_script.sh-None]" file="test\test_commands\test_bash_reader_regex.py" line="32" time="0.002" /><testcase classname="test.test_commands.test_bash_reader_regex" name="test_source_command_regex[source my_script.sh # with a comment-my_script.sh]" file="test\test_commands\test_bash_reader_regex.py" line="32" time="0.002" /><testcase classname="test.test_commands.test_bash_reader_regex" name="test_source_command_regex[. my_script.sh\t-my_script.sh]" file="test\test_commands\test_bash_reader_regex.py" line="32" time="0.002" /><testcase classname="test.test_commands.test_bash_reader_regex" name="test_regex_handles_dot_alias_with_whitespace" file="test\test_commands\test_bash_reader_regex.py" line="51" time="0.003" /><testcase classname="test.test_commands.test_bash_reader_regex" name="test_regex_fails_on_multiline" file="test\test_commands\test_bash_reader_regex.py" line="61" time="0.002" /><testcase classname="test.test_commands.test_bash_reader_regex" name="test_source_command_regex[source ../parent/dir/script.sh-../parent/dir/script.sh]" file="test\test_commands\test_bash_reader_regex.py" line="32" time="0.002" /><testcase classname="test.test_commands.test_bash_reader_regex" name="test_source_command_regex[source my_script.sh-my_script.sh]" file="test\test_commands\test_bash_reader_regex.py" line="32" time="0.003" /><testcase classname="test.test_commands.test_bash_reader_regex" name="test_source_command_regex[source path/with/invalid$char.sh-None]" file="test\test_commands\test_bash_reader_regex.py" line="32" time="0.002" /><testcase classname="test.test_tui" name="test_imports" file="test\test_tui.py" line="3" time="0.003" /><testcase classname="test.test_commands.test_scenario2" name="test_yaml_it_src_to_out_2" file="test\test_commands\test_scenario2.py" line="8" time="0.115" /><testcase classname="test.test_commands.test_scenario1" name="test_yaml_it" file="test\test_commands\test_scenario1.py" line="8" time="0.051" /><testcase classname="test.test_utils.test_update_checker" name="test_handles_up_to_date_package" file="test\test_utils\test_update_checker.py" line="15" time="0.052" /><testcase classname="test.test_commands.test_clone2local.TestFetchRepositoryArchive" name="test_network_url_error_raises_connection_error" file="test\test_commands\test_clone2local.py" line="113" time="0.021" /><testcase classname="test.test_utils.test_update_checker" name="test_caching_works" file="test\test_utils\test_update_checker.py" line="31" time="0.064" /><testcase classname="test.test_commands.test_clone2local.TestFetchRepositoryArchive" name="test_branch_not_found_raises_connection_error" file="test\test_commands\test_clone2local.py" line="97" time="0.011" /><testcase classname="test.test_commands.test_clone2local.TestFetchRepositoryArchive" name="test_clone_dir_not_empty_raises_error" file="test\test_commands\test_clone2local.py" line="84" time="0.007" /><testcase classname="test.test_commands.test_clone2local.TestFetchRepositoryArchive" name="test_cleanup_on_copy_failure" file="test\test_commands\test_clone2local.py" line="129" time="0.036" /><testcase classname="test.test_utils.test_update_checker" name="test_cache_reset_works" file="test\test_utils\test_update_checker.py" line="51" time="0.118" /><testcase classname="test.test_watch_files" name="test_handler_triggers_on_yaml_and_sh" file="test\test_watch_files.py" line="49" time="0.006" /><testcase classname="test.test_watch_files" name="test_handler_logs_error_on_exception" file="test\test_watch_files.py" line="113" time="0.009" /><testcase classname="test.test_watch_files" name="test_start_watch_wires_observer_and_stops_on_keyboardinterrupt" file="test\test_watch_files.py" line="132" time="0.008" /><testcase classname="test.test_watch_files" name="test_handler_debounce" file="test\test_watch_files.py" line="83" time="0.006" /><testcase classname="test.test_watch_files" name="test_handler_ignores_dirs_and_irrelevant_extensions" file="test\test_watch_files.py" line="15" time="0.005" /><testcase classname="test.test_cli" name="test_version_flag" file="test\test_cli.py" line="11" time="0.011" /><testcase classname="test.test_cli" name="test_help_flag" file="test\test_cli.py" line="20" time="0.016" /><testcase classname="test.test_commands.test_precommit" name="test_install_requires_git_repo" file="test\test_commands\test_precommit.py" line="56" time="0.013" /><testcase classname="test.test_utils.test_update_checker" name="test_color_output_enabled" file="test\test_utils\test_update_checker.py" line="85" time="0.227" /><testcase classname="test.test_commands.test_precommit" name="test_uninstall_when_missing_is_ok" file="test\test_commands\test_precommit.py" line="94" time="0.016" /><testcase classname="test.test_commands.test_precommit" name="test_uninstall_conflict_requires_force" file="test\test_commands\test_precommit.py" line="104" time="0.022" /><testcase classname="test.test_commands.test_precommit" name="test_install_with_env_vars" file="test\test_commands\test_precommit.py" line="76" time="0.019" /><testcase classname="test.test_commands.test_precommit" name="test_install_requires_config_when_missing" file="test\test_commands\test_precommit.py" line="66" time="0.017" /><testcase classname="test.test_commands.test_scenario8" name="test_yaml_it_src_to_out_hidden_jobs_8" file="test\test_commands\test_scenario8.py" line="8" time="0.630" /><testcase classname="test.test_utils.test_update_checker" name="test_handles_nonexistent_package" file="test\test_utils\test_update_checker.py" line="22" time="0.037" /></testsuite></testsuites>